<?xml version="1.0" encoding="UTF-8"?>
<testng-results skipped="0" failed="0" total="1" passed="1">
  <reporter-output>
  </reporter-output>
  <suite name="Default suite" duration-ms="12359" started-at="2019-10-14T14:19:09Z" finished-at="2019-10-14T14:19:22Z">
    <groups>
    </groups>
    <test name="Default test" duration-ms="12359" started-at="2019-10-14T14:19:09Z" finished-at="2019-10-14T14:19:22Z">
      <class name="demo1.Login_Test">
        <test-method status="PASS" signature="beforeMethod()[pri:0, instance:demo1.Login_Test@6fffcba5]" name="beforeMethod" is-config="true" duration-ms="12130" started-at="2019-10-14T09:19:09Z" finished-at="2019-10-14T09:19:21Z">
          <reporter-output>
          </reporter-output>
        </test-method> <!-- beforeMethod -->
        <test-method status="PASS" signature="f()[pri:0, instance:demo1.Login_Test@6fffcba5]" name="f" duration-ms="6" started-at="2019-10-14T09:19:21Z" finished-at="2019-10-14T09:19:21Z">
          <reporter-output>
          </reporter-output>
        </test-method> <!-- f -->
        <test-method status="PASS" signature="afterMethod()[pri:0, instance:demo1.Login_Test@6fffcba5]" name="afterMethod" is-config="true" duration-ms="196" started-at="2019-10-14T09:19:21Z" finished-at="2019-10-14T09:19:22Z">
          <reporter-output>
          </reporter-output>
        </test-method> <!-- afterMethod -->
      </class> <!-- demo1.Login_Test -->
    </test> <!-- Default test -->
  </suite> <!-- Default suite -->
</testng-results>
